# JRE version: Java(TM) SE Runtime Environment (8.0_102-b14) (build 1.8.0_102-b14)
# Java VM: Java HotSpot(TM) 64-Bit Server VM (25.102-b14 mixed mode bsd-amd64 compressed oops)
Heap:
 PSYoungGen      total 291328K, used 29831K [0x00000007aab00000, 0x00000007bfc80000, 0x00000007c0000000)
  eden space 243712K, 4% used [0x00000007aab00000,0x00000007ab58e698,0x00000007b9900000)
  from space 47616K, 39% used [0x00000007b9900000,0x00000007bab93840,0x00000007bc780000)
  to   space 45056K, 0% used [0x00000007bd080000,0x00000007bd080000,0x00000007bfc80000)
 ParOldGen       total 659968K, used 67417K [0x0000000780000000, 0x00000007a8480000, 0x00000007aab00000)
  object space 659968K, 10% used [0x0000000780000000,0x00000007841d6468,0x00000007a8480000)
 Metaspace       used 117639K, capacity 119006K, committed 119468K, reserved 1148928K
  class space    used 19393K, capacity 19773K, committed 19884K, reserved 1048576K
GC Heap History (10 events):
Event: 425.808 GC heap before
{Heap before GC invocations=21 (full 6):
 PSYoungGen      total 288256K, used 112013K [0x00000007aab00000, 0x00000007bf880000, 0x00000007c0000000)
  eden space 245248K, 36% used [0x00000007aab00000,0x00000007b01cf8d8,0x00000007b9a80000)
  from space 43008K, 53% used [0x00000007bce80000,0x00000007be513ba8,0x00000007bf880000)
  to   space 48128K, 0% used [0x00000007b9a80000,0x00000007b9a80000,0x00000007bc980000)
 ParOldGen       total 659968K, used 71521K [0x0000000780000000, 0x00000007a8480000, 0x00000007aab00000)
  object space 659968K, 10% used [0x0000000780000000,0x00000007845d8548,0x00000007a8480000)
 Metaspace       used 116162K, capacity 117466K, committed 117932K, reserved 1146880K
  class space    used 19267K, capacity 19623K, committed 19884K, reserved 1048576K
Event: 425.853 GC heap after
Heap after GC invocations=21 (full 6):
 PSYoungGen      total 264704K, used 19047K [0x00000007aab00000, 0x00000007bf480000, 0x00000007c0000000)
  eden space 245248K, 0% used [0x00000007aab00000,0x00000007aab00000,0x00000007b9a80000)
  from space 19456K, 97% used [0x00000007b9a80000,0x00000007bad19c70,0x00000007bad80000)
  to   space 46080K, 0% used [0x00000007bc780000,0x00000007bc780000,0x00000007bf480000)
 ParOldGen       total 659968K, used 71529K [0x0000000780000000, 0x00000007a8480000, 0x00000007aab00000)
  object space 659968K, 10% used [0x0000000780000000,0x00000007845da548,0x00000007a8480000)
 Metaspace       used 116162K, capacity 117466K, committed 117932K, reserved 1146880K
  class space    used 19267K, capacity 19623K, committed 19884K, reserved 1048576K
}
Event: 425.854 GC heap before
{Heap before GC invocations=22 (full 7):
 PSYoungGen      total 264704K, used 19047K [0x00000007aab00000, 0x00000007bf480000, 0x00000007c0000000)
  eden space 245248K, 0% used [0x00000007aab00000,0x00000007aab00000,0x00000007b9a80000)
  from space 19456K, 97% used [0x00000007b9a80000,0x00000007bad19c70,0x00000007bad80000)
  to   space 46080K, 0% used [0x00000007bc780000,0x00000007bc780000,0x00000007bf480000)
 ParOldGen       total 659968K, used 71529K [0x0000000780000000, 0x00000007a8480000, 0x00000007aab00000)
  object space 659968K, 10% used [0x0000000780000000,0x00000007845da548,0x00000007a8480000)
 Metaspace       used 116162K, capacity 117466K, committed 117932K, reserved 1146880K
  class space    used 19267K, capacity 19623K, committed 19884K, reserved 1048576K
Event: 426.375 GC heap after
Heap after GC invocations=22 (full 7):
 PSYoungGen      total 264704K, used 0K [0x00000007aab00000, 0x00000007bf480000, 0x00000007c0000000)
  eden space 245248K, 0% used [0x00000007aab00000,0x00000007aab00000,0x00000007b9a80000)
  from space 19456K, 0% used [0x00000007b9a80000,0x00000007b9a80000,0x00000007bad80000)
  to   space 46080K, 0% used [0x00000007bc780000,0x00000007bc780000,0x00000007bf480000)
 ParOldGen       total 659968K, used 74172K [0x0000000780000000, 0x00000007a8480000, 0x00000007aab00000)
  object space 659968K, 11% used [0x0000000780000000,0x000000078486f068,0x00000007a8480000)
 Metaspace       used 113148K, capacity 114428K, committed 117932K, reserved 1146880K
  class space    used 18751K, capacity 19102K, committed 19884K, reserved 1048576K
}
Event: 426.461 GC heap before
{Heap before GC invocations=23 (full 7):
 PSYoungGen      total 264704K, used 1590K [0x00000007aab00000, 0x00000007bf480000, 0x00000007c0000000)
  eden space 245248K, 0% used [0x00000007aab00000,0x00000007aac8db00,0x00000007b9a80000)
  from space 19456K, 0% used [0x00000007b9a80000,0x00000007b9a80000,0x00000007bad80000)
  to   space 46080K, 0% used [0x00000007bc780000,0x00000007bc780000,0x00000007bf480000)
 ParOldGen       total 659968K, used 74172K [0x0000000780000000, 0x00000007a8480000, 0x00000007aab00000)
  object space 659968K, 11% used [0x0000000780000000,0x000000078486f068,0x00000007a8480000)
 Metaspace       used 113148K, capacity 114428K, committed 117932K, reserved 1146880K
  class space    used 18751K, capacity 19102K, committed 19884K, reserved 1048576K
Event: 426.467 GC heap after
Heap after GC invocations=23 (full 7):
 PSYoungGen      total 289792K, used 64K [0x00000007aab00000, 0x00000007bf780000, 0x00000007c0000000)
  eden space 243712K, 0% used [0x00000007aab00000,0x00000007aab00000,0x00000007b9900000)
  from space 46080K, 0% used [0x00000007bc780000,0x00000007bc790000,0x00000007bf480000)
  to   space 47616K, 0% used [0x00000007b9900000,0x00000007b9900000,0x00000007bc780000)
 ParOldGen       total 659968K, used 74172K [0x0000000780000000, 0x00000007a8480000, 0x00000007aab00000)
  object space 659968K, 11% used [0x0000000780000000,0x000000078486f068,0x00000007a8480000)
 Metaspace       used 113148K, capacity 114428K, committed 117932K, reserved 1146880K
  class space    used 18751K, capacity 19102K, committed 19884K, reserved 1048576K
}
Event: 426.467 GC heap before
{Heap before GC invocations=24 (full 8):
 PSYoungGen      total 289792K, used 64K [0x00000007aab00000, 0x00000007bf780000, 0x00000007c0000000)
  eden space 243712K, 0% used [0x00000007aab00000,0x00000007aab00000,0x00000007b9900000)
  from space 46080K, 0% used [0x00000007bc780000,0x00000007bc790000,0x00000007bf480000)
  to   space 47616K, 0% used [0x00000007b9900000,0x00000007b9900000,0x00000007bc780000)
 ParOldGen       total 659968K, used 74172K [0x0000000780000000, 0x00000007a8480000, 0x00000007aab00000)
  object space 659968K, 11% used [0x0000000780000000,0x000000078486f068,0x00000007a8480000)
 Metaspace       used 113148K, capacity 114428K, committed 117932K, reserved 1146880K
  class space    used 18751K, capacity 19102K, committed 19884K, reserved 1048576K
Event: 426.670 GC heap after
Heap after GC invocations=24 (full 8):
 PSYoungGen      total 289792K, used 0K [0x00000007aab00000, 0x00000007bf780000, 0x00000007c0000000)
  eden space 243712K, 0% used [0x00000007aab00000,0x00000007aab00000,0x00000007b9900000)
  from space 46080K, 0% used [0x00000007bc780000,0x00000007bc780000,0x00000007bf480000)
  to   space 47616K, 0% used [0x00000007b9900000,0x00000007b9900000,0x00000007bc780000)
 ParOldGen       total 659968K, used 67409K [0x0000000780000000, 0x00000007a8480000, 0x00000007aab00000)
  object space 659968K, 10% used [0x0000000780000000,0x00000007841d4468,0x00000007a8480000)
 Metaspace       used 110118K, capacity 111326K, committed 117932K, reserved 1146880K
  class space    used 18235K, capacity 18581K, committed 19884K, reserved 1048576K
}
Event: 673.208 GC heap before
{Heap before GC invocations=25 (full 8):
 PSYoungGen      total 289792K, used 243712K [0x00000007aab00000, 0x00000007bf780000, 0x00000007c0000000)
  eden space 243712K, 100% used [0x00000007aab00000,0x00000007b9900000,0x00000007b9900000)
  from space 46080K, 0% used [0x00000007bc780000,0x00000007bc780000,0x00000007bf480000)
  to   space 47616K, 0% used [0x00000007b9900000,0x00000007b9900000,0x00000007bc780000)
 ParOldGen       total 659968K, used 67409K [0x0000000780000000, 0x00000007a8480000, 0x00000007aab00000)
  object space 659968K, 10% used [0x0000000780000000,0x00000007841d4468,0x00000007a8480000)
 Metaspace       used 117014K, capacity 118366K, committed 118700K, reserved 1148928K
  class space    used 19314K, capacity 19709K, committed 19884K, reserved 1048576K
Event: 673.265 GC heap after
Heap after GC invocations=25 (full 8):
 PSYoungGen      total 291328K, used 19022K [0x00000007aab00000, 0x00000007bfc80000, 0x00000007c0000000)
  eden space 243712K, 0% used [0x00000007aab00000,0x00000007aab00000,0x00000007b9900000)
  from space 47616K, 39% used [0x00000007b9900000,0x00000007bab93840,0x00000007bc780000)
  to   space 45056K, 0% used [0x00000007bd080000,0x00000007bd080000,0x00000007bfc80000)
 ParOldGen       total 659968K, used 67417K [0x0000000780000000, 0x00000007a8480000, 0x00000007aab00000)
  object space 659968K, 10% used [0x0000000780000000,0x00000007841d6468,0x00000007a8480000)
 Metaspace       used 117014K, capacity 118366K, committed 118700K, reserved 1148928K
  class space    used 19314K, capacity 19709K, committed 19884K, reserved 1048576K
}

